<?xml version="1.0" encoding="UTF-8"?>
<!-- Generated by org.testng.reporters.JUnitXMLReporter -->
<testsuite ignored="0" hostname="FVFHXH8GQ6LR" failures="0" tests="6" name="Test1" time="0.06" errors="0" timestamp="2023-05-17T16:42:35 IST">
  <testcase classname="project1.class2" name="A" time="0.007"/>
  <testcase classname="project1.class2" name="D" time="0.003"/>
  <testcase classname="project1.class2" name="E" time="0.002"/>
  <testcase classname="project1.class2" name="F" time="0.003"/>
  <testcase classname="project1.class2" name="B" time="0.002"/>
  <testcase classname="project1.class2" name="C" time="0.004"/>
</testsuite> <!-- Test1 -->
